<?xml version="1.0" encoding="UTF-8" ?>
<testsuite tests="4" failures="0" name="se.su.it.itslearning.integration.wsclient.PersonproxyTest" time="1.164" errors="4" skipped="0">
  <properties>
    <property name="idea.version" value="2017.1"/>
    <property name="java.runtime.name" value="Java(TM) SE Runtime Environment"/>
    <property name="sun.boot.library.path" value="/Library/Java/JavaVirtualMachines/jdk1.8.0_60.jdk/Contents/Home/jre/lib"/>
    <property name="java.vm.version" value="25.60-b23"/>
    <property name="gopherProxySet" value="false"/>
    <property name="java.vm.vendor" value="Oracle Corporation"/>
    <property name="maven.multiModuleProjectDirectory" value="/Users/lhagr/IdeaProjects/itslearning"/>
    <property name="java.vendor.url" value="http://java.oracle.com/"/>
    <property name="path.separator" value=":"/>
    <property name="guice.disable.misplaced.annotation.check" value="true"/>
    <property name="java.vm.name" value="Java HotSpot(TM) 64-Bit Server VM"/>
    <property name="file.encoding.pkg" value="sun.io"/>
    <property name="user.country" value="SE"/>
    <property name="sun.java.launcher" value="SUN_STANDARD"/>
    <property name="sun.os.patch.level" value="unknown"/>
    <property name="java.vm.specification.name" value="Java Virtual Machine Specification"/>
    <property name="user.dir" value="/Users/lhagr/IdeaProjects/itslearning"/>
    <property name="java.runtime.version" value="1.8.0_60-b27"/>
    <property name="java.awt.graphicsenv" value="sun.awt.CGraphicsEnvironment"/>
    <property name="java.endorsed.dirs" value="/Library/Java/JavaVirtualMachines/jdk1.8.0_60.jdk/Contents/Home/jre/lib/endorsed"/>
    <property name="os.arch" value="x86_64"/>
    <property name="java.io.tmpdir" value="/var/folders/r3/mm7f781d7mv6232d0t7ph6f00000gp/T/"/>
    <property name="line.separator" value="
"/>
    <property name="java.vm.specification.vendor" value="Oracle Corporation"/>
    <property name="os.name" value="Mac OS X"/>
    <property name="classworlds.conf" value="/Applications/IntelliJ IDEA 2.app/Contents/plugins/maven/lib/maven3/bin/m2.conf"/>
    <property name="sun.jnu.encoding" value="UTF-8"/>
    <property name="java.library.path" value="/Users/lhagr/Library/Java/Extensions:/Library/Java/Extensions:/Network/Library/Java/Extensions:/System/Library/Java/Extensions:/usr/lib/java:."/>
    <property name="java.specification.name" value="Java Platform API Specification"/>
    <property name="java.class.version" value="52.0"/>
    <property name="sun.management.compiler" value="HotSpot 64-Bit Tiered Compilers"/>
    <property name="os.version" value="10.10.5"/>
    <property name="user.home" value="/Users/lhagr"/>
    <property name="user.timezone" value="Europe/Stockholm"/>
    <property name="java.awt.printerjob" value="sun.lwawt.macosx.CPrinterJob"/>
    <property name="java.specification.version" value="1.8"/>
    <property name="file.encoding" value="UTF-8"/>
    <property name="user.name" value="lhagr"/>
    <property name="java.class.path" value="/Applications/IntelliJ IDEA 2.app/Contents/plugins/maven/lib/maven3/boot/plexus-classworlds-2.5.2.jar:/Applications/IntelliJ IDEA 2.app/Contents/lib/idea_rt.jar"/>
    <property name="java.vm.specification.version" value="1.8"/>
    <property name="sun.arch.data.model" value="64"/>
    <property name="java.home" value="/Library/Java/JavaVirtualMachines/jdk1.8.0_60.jdk/Contents/Home/jre"/>
    <property name="sun.java.command" value="org.codehaus.classworlds.Launcher -Didea.version=2017.1 install"/>
    <property name="java.specification.vendor" value="Oracle Corporation"/>
    <property name="user.language" value="sv"/>
    <property name="awt.toolkit" value="sun.lwawt.macosx.LWCToolkit"/>
    <property name="java.vm.info" value="mixed mode"/>
    <property name="java.version" value="1.8.0_60"/>
    <property name="org.apache.cxf.JDKBugHacks.defaultUsesCaches" value="true"/>
    <property name="java.ext.dirs" value="/Users/lhagr/Library/Java/Extensions:/Library/Java/JavaVirtualMachines/jdk1.8.0_60.jdk/Contents/Home/jre/lib/ext:/Library/Java/Extensions:/Network/Library/Java/Extensions:/System/Library/Java/Extensions:/usr/lib/java"/>
    <property name="sun.boot.class.path" value="/Library/Java/JavaVirtualMachines/jdk1.8.0_60.jdk/Contents/Home/jre/lib/resources.jar:/Library/Java/JavaVirtualMachines/jdk1.8.0_60.jdk/Contents/Home/jre/lib/rt.jar:/Library/Java/JavaVirtualMachines/jdk1.8.0_60.jdk/Contents/Home/jre/lib/sunrsasign.jar:/Library/Java/JavaVirtualMachines/jdk1.8.0_60.jdk/Contents/Home/jre/lib/jsse.jar:/Library/Java/JavaVirtualMachines/jdk1.8.0_60.jdk/Contents/Home/jre/lib/jce.jar:/Library/Java/JavaVirtualMachines/jdk1.8.0_60.jdk/Contents/Home/jre/lib/charsets.jar:/Library/Java/JavaVirtualMachines/jdk1.8.0_60.jdk/Contents/Home/jre/lib/jfr.jar:/Library/Java/JavaVirtualMachines/jdk1.8.0_60.jdk/Contents/Home/jre/classes"/>
    <property name="java.vendor" value="Oracle Corporation"/>
    <property name="java.awt.headless" value="true"/>
    <property name="maven.home" value="/Applications/IntelliJ IDEA 2.app/Contents/plugins/maven/lib/maven3"/>
    <property name="file.separator" value="/"/>
    <property name="java.vendor.url.bug" value="http://bugreport.sun.com/bugreport/"/>
    <property name="sun.cpu.endian" value="little"/>
    <property name="sun.io.unicode.encoding" value="UnicodeBig"/>
    <property name="sun.cpu.isalist" value=""/>
  </properties>
  <testcase classname="se.su.it.itslearning.integration.wsclient.PersonproxyTest" name="testCreatePerson" time="1.02">
    <error message="None of the policy alternatives can be satisfied." type="org.apache.cxf.ws.policy.PolicyException">org.apache.cxf.ws.policy.PolicyException: None of the policy alternatives can be satisfied.
	at org.apache.cxf.ws.policy.EndpointPolicyImpl.chooseAlternative(EndpointPolicyImpl.java:172)
	at org.apache.cxf.ws.policy.EndpointPolicyImpl.finalizeConfig(EndpointPolicyImpl.java:146)
	at org.apache.cxf.ws.policy.EndpointPolicyImpl.initialize(EndpointPolicyImpl.java:142)
	at org.apache.cxf.ws.policy.PolicyEngineImpl.createEndpointPolicyInfo(PolicyEngineImpl.java:604)
	at org.apache.cxf.ws.policy.PolicyEngineImpl.getEndpointPolicy(PolicyEngineImpl.java:316)
	at org.apache.cxf.ws.policy.PolicyEngineImpl.getClientEndpointPolicy(PolicyEngineImpl.java:303)
	at org.apache.cxf.ws.policy.PolicyDataEngineImpl.getClientEndpointPolicy(PolicyDataEngineImpl.java:61)
	at org.apache.cxf.transport.http.HTTPConduit.updateClientPolicy(HTTPConduit.java:325)
	at org.apache.cxf.transport.http.HTTPConduit.updateClientPolicy(HTTPConduit.java:345)
	at org.apache.cxf.transport.http.HTTPConduit.getClient(HTTPConduit.java:880)
	at org.apache.cxf.transport.http.HTTPConduit.configureConduitFromEndpointInfo(HTTPConduit.java:367)
	at org.apache.cxf.transport.http.HTTPConduit.finalizeConfig(HTTPConduit.java:447)
	at org.apache.cxf.transport.http.HTTPTransportFactory.getConduit(HTTPTransportFactory.java:242)
	at org.apache.cxf.binding.soap.SoapTransportFactory.getConduit(SoapTransportFactory.java:226)
	at org.apache.cxf.binding.soap.SoapTransportFactory.getConduit(SoapTransportFactory.java:233)
	at org.apache.cxf.endpoint.AbstractConduitSelector.createConduit(AbstractConduitSelector.java:145)
	at org.apache.cxf.endpoint.AbstractConduitSelector.getSelectedConduit(AbstractConduitSelector.java:107)
	at org.apache.cxf.endpoint.UpfrontConduitSelector.selectConduit(UpfrontConduitSelector.java:77)
	at org.apache.cxf.endpoint.ClientImpl.getConduit(ClientImpl.java:857)
	at se.su.it.itslearning.integration.wsclient.util.CxfClient.configureConduit(CxfClient.java:59)
	at se.su.it.itslearning.integration.wsclient.util.CxfClient.configure(CxfClient.java:43)
	at se.su.it.itslearning.integration.wsclient.util.CxfClient.getPersonManagementServiceSync(CxfClient.java:32)
	at se.su.it.itslearning.integration.wsclient.PersonproxyTest.testCreatePerson(PersonproxyTest.java:38)
</error>
    <system-err>aug 28, 2017 11:33:09 FM org.apache.cxf.wsdl.service.factory.ReflectionServiceFactoryBean buildServiceFromWSDL
INFO: Creating Service {http://www.imsglobal.org/services/pms/wsdl/imsPersonManAbstractSync_v1p0}PersonManagementServiceSync from WSDL: file:/Users/lhagr/IdeaProjects/itslearning/wsproxy/personproxy/src/main/resources/PersonManagementServiceSync.svc.xml
aug 28, 2017 11:33:09 FM org.apache.cxf.ws.policy.AssertionBuilderRegistryImpl handleNoRegisteredBuilder
VARNING: No assertion builder for type {http://schemas.xmlsoap.org/ws/2005/07/securitypolicy}TransportBinding registered.
aug 28, 2017 11:33:09 FM org.apache.cxf.ws.policy.AssertionBuilderRegistryImpl handleNoRegisteredBuilder
VARNING: No assertion builder for type {http://schemas.xmlsoap.org/ws/2005/07/securitypolicy}TransportToken registered.
aug 28, 2017 11:33:09 FM org.apache.cxf.ws.policy.AssertionBuilderRegistryImpl handleNoRegisteredBuilder
VARNING: No assertion builder for type {http://schemas.xmlsoap.org/ws/2005/07/securitypolicy}HttpsToken registered.
aug 28, 2017 11:33:09 FM org.apache.cxf.ws.policy.AssertionBuilderRegistryImpl handleNoRegisteredBuilder
VARNING: No assertion builder for type {http://schemas.xmlsoap.org/ws/2005/07/securitypolicy}AlgorithmSuite registered.
aug 28, 2017 11:33:09 FM org.apache.cxf.ws.policy.AssertionBuilderRegistryImpl handleNoRegisteredBuilder
VARNING: No assertion builder for type {http://schemas.xmlsoap.org/ws/2005/07/securitypolicy}Basic256 registered.
aug 28, 2017 11:33:09 FM org.apache.cxf.ws.policy.AssertionBuilderRegistryImpl handleNoRegisteredBuilder
VARNING: No assertion builder for type {http://schemas.xmlsoap.org/ws/2005/07/securitypolicy}Layout registered.
aug 28, 2017 11:33:09 FM org.apache.cxf.ws.policy.AssertionBuilderRegistryImpl handleNoRegisteredBuilder
VARNING: No assertion builder for type {http://schemas.xmlsoap.org/ws/2005/07/securitypolicy}Lax registered.
aug 28, 2017 11:33:09 FM org.apache.cxf.ws.policy.AssertionBuilderRegistryImpl handleNoRegisteredBuilder
VARNING: No assertion builder for type {http://schemas.xmlsoap.org/ws/2005/07/securitypolicy}IncludeTimestamp registered.
aug 28, 2017 11:33:09 FM org.apache.cxf.ws.policy.AssertionBuilderRegistryImpl handleNoRegisteredBuilder
VARNING: No assertion builder for type {http://schemas.xmlsoap.org/ws/2005/07/securitypolicy}SignedSupportingTokens registered.
aug 28, 2017 11:33:09 FM org.apache.cxf.ws.policy.AssertionBuilderRegistryImpl handleNoRegisteredBuilder
VARNING: No assertion builder for type {http://schemas.xmlsoap.org/ws/2005/07/securitypolicy}UsernameToken registered.
aug 28, 2017 11:33:09 FM org.apache.cxf.ws.policy.AssertionBuilderRegistryImpl handleNoRegisteredBuilder
VARNING: No assertion builder for type {http://schemas.xmlsoap.org/ws/2005/07/securitypolicy}WssUsernameToken10 registered.
aug 28, 2017 11:33:09 FM org.apache.cxf.ws.policy.AssertionBuilderRegistryImpl handleNoRegisteredBuilder
VARNING: No assertion builder for type {http://schemas.xmlsoap.org/ws/2005/07/securitypolicy}Wss10 registered.
</system-err>
  </testcase>
  <testcase classname="se.su.it.itslearning.integration.wsclient.PersonproxyTest" name="testDeletePerson" time="0.03">
    <error message="None of the policy alternatives can be satisfied." type="org.apache.cxf.ws.policy.PolicyException">org.apache.cxf.ws.policy.PolicyException: None of the policy alternatives can be satisfied.
	at org.apache.cxf.ws.policy.EndpointPolicyImpl.chooseAlternative(EndpointPolicyImpl.java:172)
	at org.apache.cxf.ws.policy.EndpointPolicyImpl.finalizeConfig(EndpointPolicyImpl.java:146)
	at org.apache.cxf.ws.policy.EndpointPolicyImpl.initialize(EndpointPolicyImpl.java:142)
	at org.apache.cxf.ws.policy.PolicyEngineImpl.createEndpointPolicyInfo(PolicyEngineImpl.java:604)
	at org.apache.cxf.ws.policy.PolicyEngineImpl.getEndpointPolicy(PolicyEngineImpl.java:316)
	at org.apache.cxf.ws.policy.PolicyEngineImpl.getClientEndpointPolicy(PolicyEngineImpl.java:303)
	at org.apache.cxf.ws.policy.PolicyDataEngineImpl.getClientEndpointPolicy(PolicyDataEngineImpl.java:61)
	at org.apache.cxf.transport.http.HTTPConduit.updateClientPolicy(HTTPConduit.java:325)
	at org.apache.cxf.transport.http.HTTPConduit.updateClientPolicy(HTTPConduit.java:345)
	at org.apache.cxf.transport.http.HTTPConduit.getClient(HTTPConduit.java:880)
	at org.apache.cxf.transport.http.HTTPConduit.configureConduitFromEndpointInfo(HTTPConduit.java:367)
	at org.apache.cxf.transport.http.HTTPConduit.finalizeConfig(HTTPConduit.java:447)
	at org.apache.cxf.transport.http.HTTPTransportFactory.getConduit(HTTPTransportFactory.java:242)
	at org.apache.cxf.binding.soap.SoapTransportFactory.getConduit(SoapTransportFactory.java:226)
	at org.apache.cxf.binding.soap.SoapTransportFactory.getConduit(SoapTransportFactory.java:233)
	at org.apache.cxf.endpoint.AbstractConduitSelector.createConduit(AbstractConduitSelector.java:145)
	at org.apache.cxf.endpoint.AbstractConduitSelector.getSelectedConduit(AbstractConduitSelector.java:107)
	at org.apache.cxf.endpoint.UpfrontConduitSelector.selectConduit(UpfrontConduitSelector.java:77)
	at org.apache.cxf.endpoint.ClientImpl.getConduit(ClientImpl.java:857)
	at se.su.it.itslearning.integration.wsclient.util.CxfClient.configureConduit(CxfClient.java:59)
	at se.su.it.itslearning.integration.wsclient.util.CxfClient.configure(CxfClient.java:43)
	at se.su.it.itslearning.integration.wsclient.util.CxfClient.getPersonManagementServiceSync(CxfClient.java:32)
	at se.su.it.itslearning.integration.wsclient.PersonproxyTest.testDeletePerson(PersonproxyTest.java:58)
</error>
    <system-err>aug 28, 2017 11:33:10 FM org.apache.cxf.wsdl.service.factory.ReflectionServiceFactoryBean buildServiceFromWSDL
INFO: Creating Service {http://www.imsglobal.org/services/pms/wsdl/imsPersonManAbstractSync_v1p0}PersonManagementServiceSync from WSDL: file:/Users/lhagr/IdeaProjects/itslearning/wsproxy/personproxy/src/main/resources/PersonManagementServiceSync.svc.xml
</system-err>
  </testcase>
  <testcase classname="se.su.it.itslearning.integration.wsclient.PersonproxyTest" name="testReadAllPersons" time="0.084">
    <error message="None of the policy alternatives can be satisfied." type="org.apache.cxf.ws.policy.PolicyException">org.apache.cxf.ws.policy.PolicyException: None of the policy alternatives can be satisfied.
	at org.apache.cxf.ws.policy.EndpointPolicyImpl.chooseAlternative(EndpointPolicyImpl.java:172)
	at org.apache.cxf.ws.policy.EndpointPolicyImpl.finalizeConfig(EndpointPolicyImpl.java:146)
	at org.apache.cxf.ws.policy.EndpointPolicyImpl.initialize(EndpointPolicyImpl.java:142)
	at org.apache.cxf.ws.policy.PolicyEngineImpl.createEndpointPolicyInfo(PolicyEngineImpl.java:604)
	at org.apache.cxf.ws.policy.PolicyEngineImpl.getEndpointPolicy(PolicyEngineImpl.java:316)
	at org.apache.cxf.ws.policy.PolicyEngineImpl.getClientEndpointPolicy(PolicyEngineImpl.java:303)
	at org.apache.cxf.ws.policy.PolicyDataEngineImpl.getClientEndpointPolicy(PolicyDataEngineImpl.java:61)
	at org.apache.cxf.transport.http.HTTPConduit.updateClientPolicy(HTTPConduit.java:325)
	at org.apache.cxf.transport.http.HTTPConduit.updateClientPolicy(HTTPConduit.java:345)
	at org.apache.cxf.transport.http.HTTPConduit.getClient(HTTPConduit.java:880)
	at org.apache.cxf.transport.http.HTTPConduit.configureConduitFromEndpointInfo(HTTPConduit.java:367)
	at org.apache.cxf.transport.http.HTTPConduit.finalizeConfig(HTTPConduit.java:447)
	at org.apache.cxf.transport.http.HTTPTransportFactory.getConduit(HTTPTransportFactory.java:242)
	at org.apache.cxf.binding.soap.SoapTransportFactory.getConduit(SoapTransportFactory.java:226)
	at org.apache.cxf.binding.soap.SoapTransportFactory.getConduit(SoapTransportFactory.java:233)
	at org.apache.cxf.endpoint.AbstractConduitSelector.createConduit(AbstractConduitSelector.java:145)
	at org.apache.cxf.endpoint.AbstractConduitSelector.getSelectedConduit(AbstractConduitSelector.java:107)
	at org.apache.cxf.endpoint.UpfrontConduitSelector.selectConduit(UpfrontConduitSelector.java:77)
	at org.apache.cxf.endpoint.ClientImpl.getConduit(ClientImpl.java:857)
	at se.su.it.itslearning.integration.wsclient.util.CxfClient.configureConduit(CxfClient.java:59)
	at se.su.it.itslearning.integration.wsclient.util.CxfClient.configure(CxfClient.java:43)
	at se.su.it.itslearning.integration.wsclient.util.CxfClient.getExtendedPersonManagementServiceSync(CxfClient.java:54)
	at se.su.it.itslearning.integration.wsclient.PersonproxyTest.testReadAllPersons(PersonproxyTest.java:72)
</error>
    <system-err>aug 28, 2017 11:33:10 FM org.apache.cxf.wsdl.service.factory.ReflectionServiceFactoryBean buildServiceFromWSDL
INFO: Creating Service {http://www.imsglobal.org/services/pms/wsdl/imsPersonManAbstractSync_v1p0}ExtendedPersonManagementServiceSync from WSDL: file:/Users/lhagr/IdeaProjects/itslearning/wsproxy/personproxy/src/main/resources/ExtendedPersonManagementServiceSync.xml
</system-err>
  </testcase>
  <testcase classname="se.su.it.itslearning.integration.wsclient.PersonproxyTest" name="testX" time="0.03">
    <error message="None of the policy alternatives can be satisfied." type="org.apache.cxf.ws.policy.PolicyException">org.apache.cxf.ws.policy.PolicyException: None of the policy alternatives can be satisfied.
	at org.apache.cxf.ws.policy.EndpointPolicyImpl.chooseAlternative(EndpointPolicyImpl.java:172)
	at org.apache.cxf.ws.policy.EndpointPolicyImpl.finalizeConfig(EndpointPolicyImpl.java:146)
	at org.apache.cxf.ws.policy.EndpointPolicyImpl.initialize(EndpointPolicyImpl.java:142)
	at org.apache.cxf.ws.policy.PolicyEngineImpl.createEndpointPolicyInfo(PolicyEngineImpl.java:604)
	at org.apache.cxf.ws.policy.PolicyEngineImpl.getEndpointPolicy(PolicyEngineImpl.java:316)
	at org.apache.cxf.ws.policy.PolicyEngineImpl.getClientEndpointPolicy(PolicyEngineImpl.java:303)
	at org.apache.cxf.ws.policy.PolicyDataEngineImpl.getClientEndpointPolicy(PolicyDataEngineImpl.java:61)
	at org.apache.cxf.transport.http.HTTPConduit.updateClientPolicy(HTTPConduit.java:325)
	at org.apache.cxf.transport.http.HTTPConduit.updateClientPolicy(HTTPConduit.java:345)
	at org.apache.cxf.transport.http.HTTPConduit.getClient(HTTPConduit.java:880)
	at org.apache.cxf.transport.http.HTTPConduit.configureConduitFromEndpointInfo(HTTPConduit.java:367)
	at org.apache.cxf.transport.http.HTTPConduit.finalizeConfig(HTTPConduit.java:447)
	at org.apache.cxf.transport.http.HTTPTransportFactory.getConduit(HTTPTransportFactory.java:242)
	at org.apache.cxf.binding.soap.SoapTransportFactory.getConduit(SoapTransportFactory.java:226)
	at org.apache.cxf.binding.soap.SoapTransportFactory.getConduit(SoapTransportFactory.java:233)
	at org.apache.cxf.endpoint.AbstractConduitSelector.createConduit(AbstractConduitSelector.java:145)
	at org.apache.cxf.endpoint.AbstractConduitSelector.getSelectedConduit(AbstractConduitSelector.java:107)
	at org.apache.cxf.endpoint.UpfrontConduitSelector.selectConduit(UpfrontConduitSelector.java:77)
	at org.apache.cxf.endpoint.ClientImpl.getConduit(ClientImpl.java:857)
	at se.su.it.itslearning.integration.wsclient.util.CxfClient.configureConduit(CxfClient.java:59)
	at se.su.it.itslearning.integration.wsclient.util.CxfClient.configure(CxfClient.java:43)
	at se.su.it.itslearning.integration.wsclient.util.CxfClient.getPersonManagementServiceSync(CxfClient.java:32)
	at se.su.it.itslearning.integration.wsclient.PersonproxyTest.testX(PersonproxyTest.java:24)
</error>
    <system-err>aug 28, 2017 11:33:10 FM org.apache.cxf.wsdl.service.factory.ReflectionServiceFactoryBean buildServiceFromWSDL
INFO: Creating Service {http://www.imsglobal.org/services/pms/wsdl/imsPersonManAbstractSync_v1p0}PersonManagementServiceSync from WSDL: file:/Users/lhagr/IdeaProjects/itslearning/wsproxy/personproxy/src/main/resources/PersonManagementServiceSync.svc.xml
</system-err>
  </testcase>
</testsuite>